  Quadtree.cpp
C:\Users\lilis\OneDrive\Документы\C++OOP\Quadtree\Quadtree\Entity.h(26,19): warning C4244: аргумент: преобразование "time_t" в "unsigned int", возможна потеря данных
C:\Users\lilis\OneDrive\Документы\C++OOP\Quadtree\Quadtree\Entity.h(27,1): warning C4244: +=: преобразование "double" в "float", возможна потеря данных
C:\Users\lilis\OneDrive\Документы\C++OOP\Quadtree\Quadtree\Entity.h(28,1): warning C4244: +=: преобразование "double" в "float", возможна потеря данных
C:\Users\lilis\OneDrive\Документы\C++OOP\Quadtree\Quadtree\Quadtree.cpp(7,15): warning C4244: аргумент: преобразование "time_t" в "unsigned int", возможна потеря данных
C:\Users\lilis\OneDrive\Документы\C++OOP\Quadtree\Quadtree\Quadtree.cpp(19,38): warning C4244: аргумент: преобразование "float" в "unsigned int", возможна потеря данных
C:\Users\lilis\OneDrive\Документы\C++OOP\Quadtree\Quadtree\Quadtree.cpp(19,35): warning C4244: аргумент: преобразование "float" в "unsigned int", возможна потеря данных
C:\Users\lilis\OneDrive\Документы\C++OOP\Quadtree\Quadtree\Quadtree.cpp(53,58): warning C4244: аргумент: преобразование "int" в "float", возможна потеря данных
C:\Users\lilis\OneDrive\Документы\C++OOP\Quadtree\Quadtree\Quadtree.cpp(53,54): warning C4244: аргумент: преобразование "int" в "float", возможна потеря данных
C:\Users\lilis\OneDrive\Документы\C++OOP\Quadtree\Quadtree\Quadtree.cpp(53,51): warning C4244: аргумент: преобразование "T" в "float", возможна потеря данных
          with
          [
              T=int
          ]
C:\Users\lilis\OneDrive\Документы\C++OOP\Quadtree\Quadtree\Quadtree.cpp(52,67): warning C4244: аргумент: преобразование "T" в "float", возможна потеря данных
          with
          [
              T=int
          ]
C:\Users\lilis\OneDrive\Документы\C++OOP\Quadtree\Quadtree\Quadtree.cpp(54,44): warning C4244: =: преобразование "int" в "float", возможна потеря данных
C:\Users\lilis\OneDrive\Документы\C++OOP\Quadtree\Quadtree\Quadtree.cpp(109,39): warning C4244: аргумент: преобразование "T" в "float", возможна потеря данных
          with
          [
              T=int
          ]
C:\Users\lilis\OneDrive\Документы\C++OOP\Quadtree\Quadtree\Quadtree.cpp(108,53): warning C4244: аргумент: преобразование "T" в "float", возможна потеря данных
          with
          [
              T=int
          ]
C:\Users\lilis\OneDrive\Документы\C++OOP\Quadtree\Quadtree\Quadtree.cpp(110,43): warning C4244: аргумент: преобразование "int" в "T", возможна потеря данных
          with
          [
              T=float
          ]
C:\Users\lilis\OneDrive\Документы\C++OOP\Quadtree\Quadtree\Quadtree.cpp(110,35): warning C4244: аргумент: преобразование "int" в "T", возможна потеря данных
          with
          [
              T=float
          ]
C:\Users\lilis\OneDrive\Документы\C++OOP\Quadtree\Quadtree\Quadtree.cpp(111,29): warning C4244: аргумент: преобразование "int" в "float", возможна потеря данных
C:\Users\lilis\OneDrive\Документы\C++OOP\Quadtree\Quadtree\Quadtree.cpp(111,25): warning C4244: аргумент: преобразование "int" в "float", возможна потеря данных
  Quadtree.vcxproj -> C:\Users\lilis\OneDrive\Документы\C++OOP\Quadtree\x64\Debug\Quadtree.exe
